# JRE version: Java(TM) SE Runtime Environment (8.0_112-b15) (build 1.8.0_112-b15)
# Java VM: Java HotSpot(TM) 64-Bit Server VM (25.112-b15 mixed mode windows-amd64 compressed oops)
Heap:
 PSYoungGen      total 525312K, used 506020K [0x00000000d5e00000, 0x0000000100000000, 0x0000000100000000)
  eden space 457728K, 95% used [0x00000000d5e00000,0x00000000f0a2e0f0,0x00000000f1d00000)
  from space 67584K, 99% used [0x00000000fbe00000,0x00000000ffffaf80,0x0000000100000000)
  to   space 116224K, 0% used [0x00000000f1d00000,0x00000000f1d00000,0x00000000f8e80000)
 ParOldGen       total 501760K, used 357850K [0x0000000081a00000, 0x00000000a0400000, 0x00000000d5e00000)
  object space 501760K, 71% used [0x0000000081a00000,0x0000000097776a70,0x00000000a0400000)
 Metaspace       used 14928K, capacity 15404K, committed 15488K, reserved 1062912K
  class space    used 2021K, capacity 2156K, committed 2176K, reserved 1048576K
GC Heap History (10 events):
Event: 210.160 GC heap before
{Heap before GC invocations=203 (full 2):
 PSYoungGen      total 685056K, used 683941K [0x00000000d5e00000, 0x0000000100000000, 0x0000000100000000)
  eden space 679936K, 100% used [0x00000000d5e00000,0x00000000ff600000,0x00000000ff600000)
  from space 5120K, 78% used [0x00000000ffb00000,0x00000000ffee9490,0x0000000100000000)
  to   space 5120K, 0% used [0x00000000ff600000,0x00000000ff600000,0x00000000ffb00000)
 ParOldGen       total 323072K, used 311089K [0x0000000081a00000, 0x0000000095580000, 0x00000000d5e00000)
  object space 323072K, 96% used [0x0000000081a00000,0x00000000949cc660,0x0000000095580000)
 Metaspace       used 10189K, capacity 10610K, committed 10752K, reserved 1058816K
  class space    used 1401K, capacity 1517K, committed 1536K, reserved 1048576K
Event: 210.182 GC heap after
Heap after GC invocations=203 (full 2):
 PSYoungGen      total 685056K, used 3461K [0x00000000d5e00000, 0x0000000100000000, 0x0000000100000000)
  eden space 679936K, 0% used [0x00000000d5e00000,0x00000000d5e00000,0x00000000ff600000)
  from space 5120K, 67% used [0x00000000ff600000,0x00000000ff961490,0x00000000ffb00000)
  to   space 5120K, 0% used [0x00000000ffb00000,0x00000000ffb00000,0x0000000100000000)
 ParOldGen       total 323072K, used 311281K [0x0000000081a00000, 0x0000000095580000, 0x00000000d5e00000)
  object space 323072K, 96% used [0x0000000081a00000,0x00000000949fc660,0x0000000095580000)
 Metaspace       used 10189K, capacity 10610K, committed 10752K, reserved 1058816K
  class space    used 1401K, capacity 1517K, committed 1536K, reserved 1048576K
}
Event: 211.808 GC heap before
{Heap before GC invocations=204 (full 2):
 PSYoungGen      total 685056K, used 683397K [0x00000000d5e00000, 0x0000000100000000, 0x0000000100000000)
  eden space 679936K, 100% used [0x00000000d5e00000,0x00000000ff600000,0x00000000ff600000)
  from space 5120K, 67% used [0x00000000ff600000,0x00000000ff961490,0x00000000ffb00000)
  to   space 5120K, 0% used [0x00000000ffb00000,0x00000000ffb00000,0x0000000100000000)
 ParOldGen       total 323072K, used 311281K [0x0000000081a00000, 0x0000000095580000, 0x00000000d5e00000)
  object space 323072K, 96% used [0x0000000081a00000,0x00000000949fc660,0x0000000095580000)
 Metaspace       used 11532K, capacity 11944K, committed 12032K, reserved 1058816K
  class space    used 1615K, capacity 1744K, committed 1792K, reserved 1048576K
Event: 211.888 GC heap after
Heap after GC invocations=204 (full 2):
 PSYoungGen      total 568320K, used 5088K [0x00000000d5e00000, 0x0000000100000000, 0x0000000100000000)
  eden space 563200K, 0% used [0x00000000d5e00000,0x00000000d5e00000,0x00000000f8400000)
  from space 5120K, 99% used [0x00000000ffb00000,0x00000000ffff8010,0x0000000100000000)
  to   space 63488K, 0% used [0x00000000f8400000,0x00000000f8400000,0x00000000fc200000)
 ParOldGen       total 469504K, used 468686K [0x0000000081a00000, 0x000000009e480000, 0x00000000d5e00000)
  object space 469504K, 99% used [0x0000000081a00000,0x000000009e3b38a0,0x000000009e480000)
 Metaspace       used 11532K, capacity 11944K, committed 12032K, reserved 1058816K
  class space    used 1615K, capacity 1744K, committed 1792K, reserved 1048576K
}
Event: 211.888 GC heap before
{Heap before GC invocations=205 (full 3):
 PSYoungGen      total 568320K, used 5088K [0x00000000d5e00000, 0x0000000100000000, 0x0000000100000000)
  eden space 563200K, 0% used [0x00000000d5e00000,0x00000000d5e00000,0x00000000f8400000)
  from space 5120K, 99% used [0x00000000ffb00000,0x00000000ffff8010,0x0000000100000000)
  to   space 63488K, 0% used [0x00000000f8400000,0x00000000f8400000,0x00000000fc200000)
 ParOldGen       total 469504K, used 468686K [0x0000000081a00000, 0x000000009e480000, 0x00000000d5e00000)
  object space 469504K, 99% used [0x0000000081a00000,0x000000009e3b38a0,0x000000009e480000)
 Metaspace       used 11532K, capacity 11944K, committed 12032K, reserved 1058816K
  class space    used 1615K, capacity 1744K, committed 1792K, reserved 1048576K
Event: 212.315 GC heap after
Heap after GC invocations=205 (full 3):
 PSYoungGen      total 568320K, used 0K [0x00000000d5e00000, 0x0000000100000000, 0x0000000100000000)
  eden space 563200K, 0% used [0x00000000d5e00000,0x00000000d5e00000,0x00000000f8400000)
  from space 5120K, 0% used [0x00000000ffb00000,0x00000000ffb00000,0x0000000100000000)
  to   space 63488K, 0% used [0x00000000f8400000,0x00000000f8400000,0x00000000fc200000)
 ParOldGen       total 501760K, used 260491K [0x0000000081a00000, 0x00000000a0400000, 0x00000000d5e00000)
  object space 501760K, 51% used [0x0000000081a00000,0x0000000091862ef0,0x00000000a0400000)
 Metaspace       used 11532K, capacity 11944K, committed 12032K, reserved 1058816K
  class space    used 1615K, capacity 1744K, committed 1792K, reserved 1048576K
}
Event: 213.512 GC heap before
{Heap before GC invocations=206 (full 3):
 PSYoungGen      total 568320K, used 563200K [0x00000000d5e00000, 0x0000000100000000, 0x0000000100000000)
  eden space 563200K, 100% used [0x00000000d5e00000,0x00000000f8400000,0x00000000f8400000)
  from space 5120K, 0% used [0x00000000ffb00000,0x00000000ffb00000,0x0000000100000000)
  to   space 63488K, 0% used [0x00000000f8400000,0x00000000f8400000,0x00000000fc200000)
 ParOldGen       total 501760K, used 260491K [0x0000000081a00000, 0x00000000a0400000, 0x00000000d5e00000)
  object space 501760K, 51% used [0x0000000081a00000,0x0000000091862ef0,0x00000000a0400000)
 Metaspace       used 12209K, capacity 12670K, committed 12928K, reserved 1060864K
  class space    used 1716K, capacity 1855K, committed 1920K, reserved 1048576K
Event: 213.528 GC heap after
Heap after GC invocations=206 (full 3):
 PSYoungGen      total 605696K, used 42290K [0x00000000d5e00000, 0x0000000100000000, 0x0000000100000000)
  eden space 563200K, 0% used [0x00000000d5e00000,0x00000000d5e00000,0x00000000f8400000)
  from space 42496K, 99% used [0x00000000f8400000,0x00000000fad4ca60,0x00000000fad80000)
  to   space 67584K, 0% used [0x00000000fbe00000,0x00000000fbe00000,0x0000000100000000)
 ParOldGen       total 501760K, used 260491K [0x0000000081a00000, 0x00000000a0400000, 0x00000000d5e00000)
  object space 501760K, 51% used [0x0000000081a00000,0x0000000091862ef0,0x00000000a0400000)
 Metaspace       used 12209K, capacity 12670K, committed 12928K, reserved 1060864K
  class space    used 1716K, capacity 1855K, committed 1920K, reserved 1048576K
}
Event: 219.997 GC heap before
{Heap before GC invocations=207 (full 3):
 PSYoungGen      total 605696K, used 605490K [0x00000000d5e00000, 0x0000000100000000, 0x0000000100000000)
  eden space 563200K, 100% used [0x00000000d5e00000,0x00000000f8400000,0x00000000f8400000)
  from space 42496K, 99% used [0x00000000f8400000,0x00000000fad4ca60,0x00000000fad80000)
  to   space 67584K, 0% used [0x00000000fbe00000,0x00000000fbe00000,0x0000000100000000)
 ParOldGen       total 501760K, used 260491K [0x0000000081a00000, 0x00000000a0400000, 0x00000000d5e00000)
  object space 501760K, 51% used [0x0000000081a00000,0x0000000091862ef0,0x00000000a0400000)
 Metaspace       used 13947K, capacity 14450K, committed 14720K, reserved 1062912K
  class space    used 1912K, capacity 2055K, committed 2176K, reserved 1048576K
Event: 220.083 GC heap after
Heap after GC invocations=207 (full 3):
 PSYoungGen      total 525312K, used 67563K [0x00000000d5e00000, 0x0000000100000000, 0x0000000100000000)
  eden space 457728K, 0% used [0x00000000d5e00000,0x00000000d5e00000,0x00000000f1d00000)
  from space 67584K, 99% used [0x00000000fbe00000,0x00000000ffffaf80,0x0000000100000000)
  to   space 116224K, 0% used [0x00000000f1d00000,0x00000000f1d00000,0x00000000f8e80000)
 ParOldGen       total 501760K, used 357850K [0x0000000081a00000, 0x00000000a0400000, 0x00000000d5e00000)
  object space 501760K, 71% used [0x0000000081a00000,0x0000000097776a70,0x00000000a0400000)
 Metaspace       used 13947K, capacity 14450K, committed 14720K, reserved 1062912K
  class space    used 1912K, capacity 2055K, committed 2176K, reserved 1048576K
}

